/home/ap/multi_cam/src/output_large/ori_large_image_20.jpg.jpg.png 6 102511 12849 12935 50 57  |  25.730223 0.909774 0.987592 0.459657 32.517258 42.840023  |  27.004084 0.915270 0.989533 0.487121 34.073051 44.474129  |  
/home/ap/multi_cam/src/output_large/ori_large_image_2.jpg.jpg.png 6 68244 7610 7601 50 57  |  35.977627 0.966346 0.994307 0.680534 36.001118 44.115585  |  37.110065 0.970116 0.995356 0.707975 37.406284 45.781544  |  
/home/ap/multi_cam/src/output_large/ori_large_image_10.jpg.jpg.png 6 94187 11726 11695 50 59  |  26.415741 0.916537 0.989387 0.478424 33.140709 44.556423  |  27.447252 0.914142 0.990464 0.500986 34.647404 46.654125  |  
/home/ap/multi_cam/src/output_large/ori_large_image_100.jpg.jpg.png 6 114461 14552 14774 50 58  |  25.012802 0.888085 0.984282 0.433034 31.830208 42.013363  |  26.384056 0.892407 0.986311 0.464924 33.334942 43.139214  |  
/home/ap/multi_cam/src/output_large/ori_large_image_70.jpg.jpg.png 6 112849 14368 14646 50 58  |  25.068718 0.891127 0.985137 0.435640 31.899963 42.098492  |  26.452990 0.897467 0.986972 0.470068 33.442966 43.372868  |  
/home/ap/multi_cam/src/output_large/ori_large_image_40.jpg.jpg.png 6 113380 14321 14280 50 57  |  25.053391 0.892106 0.985302 0.433988 31.950171 42.077705  |  26.201248 0.892296 0.986552 0.456005 33.130108 42.602711  |  
/home/ap/multi_cam/src/output_large/ori_large_image_80.jpg.jpg.png 6 113374 14319 14581 50 58  |  25.088387 0.890487 0.984782 0.435228 31.923855 42.047703  |  26.399437 0.893835 0.986372 0.464754 33.402294 43.303280  |  
/home/ap/multi_cam/src/output_large/ori_large_image_90.jpg.jpg.png 6 114196 14511 14776 50 58  |  25.006823 0.886785 0.984408 0.431913 31.812359 41.877438  |  26.398708 0.892317 0.986314 0.464424 33.362270 43.178310  |  
/home/ap/multi_cam/src/output_large/ori_large_image_30.jpg.jpg.png 6 107917 13545 13770 50 58  |  25.465219 0.901897 0.986616 0.451036 32.306374 42.469738  |  26.800476 0.910365 0.988804 0.479291 33.812698 43.678108  |  
/home/ap/multi_cam/src/output_large/ori_large_image_3.jpg.jpg.png 6 77897 8997 9095 50 59  |  31.468988 0.942078 0.991984 0.580767 34.851269 44.368156  |  32.754250 0.947737 0.993533 0.615178 36.606030 46.552650  |  
/home/ap/multi_cam/src/output_large/ori_large_image_9.jpg.jpg.png 6 93364 11582 11545 50 59  |  26.648758 0.918071 0.989500 0.486315 33.224270 44.390972  |  27.705885 0.917717 0.990837 0.509154 34.771004 46.865433  |  
/home/ap/multi_cam/src/output_large/ori_large_image_50.jpg.jpg.png 6 111838 14178 14449 50 58  |  25.192572 0.893724 0.985409 0.439080 31.988136 41.948654  |  26.565815 0.901461 0.987619 0.474640 33.519745 43.209423  |  
/home/ap/multi_cam/src/output_large/ori_large_image_8.jpg.jpg.png 6 96533 12067 12118 50 58  |  26.094053 0.917422 0.989860 0.468757 32.965675 44.513237  |  27.037481 0.918328 0.990552 0.490429 34.295631 46.202824  |  
/home/ap/multi_cam/src/output_large/ori_large_image.jpg.jpg.png 6 114461 14552 14774 50 58  |  25.012802 0.888085 0.984282 0.433034 31.830208 42.013363  |  26.384056 0.892407 0.986311 0.464924 33.334942 43.139214  |  
/home/ap/multi_cam/src/output_large/ori_large_image_6.jpg.jpg.png 6 89456 10944 10754 50 59  |  27.231405 0.918797 0.989815 0.501006 33.517117 44.581879  |  28.273333 0.913721 0.990567 0.521270 35.090942 46.835522  |  
/home/ap/multi_cam/src/output_large/ori_large_image_1.jpg.jpg.png 6 51464 5815 5865 50 56  |  39.605652 0.973777 0.994889 0.766310 37.461433 43.427448  |  40.748791 0.979257 0.996099 0.798198 38.790577 44.977325  |  
/home/ap/multi_cam/src/output_large/ori_large_image_7.jpg.jpg.png 6 90948 11188 11021 50 59  |  27.025616 0.918123 0.989419 0.495782 33.424026 44.653450  |  28.017252 0.913975 0.990581 0.514303 34.966698 47.034641  |  
/home/ap/multi_cam/src/output_large/ori_large_image_5.jpg.jpg.png 6 87537 10541 10276 50 59  |  27.771330 0.922144 0.989808 0.513879 33.757805 44.634178  |  28.740456 0.914886 0.990531 0.530751 35.276485 46.851025  |  
/home/ap/multi_cam/src/output_large/ori_large_image_60.jpg.jpg.png 6 112749 14259 14534 50 58  |  25.161160 0.892124 0.985043 0.437716 31.954144 42.010777  |  26.514008 0.897827 0.987006 0.470514 33.460396 43.196201  |  
/home/ap/multi_cam/src/output_large/ori_large_image_4.jpg.jpg.png 6 83070 9828 9801 50 59  |  29.208620 0.929817 0.990549 0.537037 34.224667 44.565002  |  30.468012 0.929267 0.991887 0.567105 36.025864 46.941433  |  
